c:\users\dbxor\source\repos\mfc_final\debug\mfc_final.pch
c:\users\dbxor\source\repos\mfc_final\debug\vc142.pdb
c:\users\dbxor\source\repos\mfc_final\debug\vc142.idb
c:\users\dbxor\source\repos\mfc_final\debug\pch.obj
c:\users\dbxor\source\repos\mfc_final\debug\mfc_finalview.obj
c:\users\dbxor\source\repos\mfc_final\debug\mainfrm.obj
c:\users\dbxor\source\repos\mfc_final\debug\mfc_finaldoc.obj
c:\users\dbxor\source\repos\mfc_final\debug\mfc_final.obj
c:\users\dbxor\source\repos\mfc_final\debug\input_namedlg.obj
c:\users\dbxor\source\repos\mfc_final\debug\mfc_final.exe
c:\users\dbxor\source\repos\mfc_final\debug\mfc_final.ilk
c:\users\dbxor\source\repos\mfc_final\debug\mfc_final.pdb
c:\users\dbxor\source\repos\mfc_final\debug\mfcfinal.res
c:\users\dbxor\source\repos\mfc_final\debug\scoreboard.obj
c:\users\dbxor\source\repos\mfc_final\debug\mfc_final.tlog\cl.command.1.tlog
c:\users\dbxor\source\repos\mfc_final\debug\mfc_final.tlog\cl.read.1.tlog
c:\users\dbxor\source\repos\mfc_final\debug\mfc_final.tlog\cl.write.1.tlog
c:\users\dbxor\source\repos\mfc_final\debug\mfc_final.tlog\link.command.1.tlog
c:\users\dbxor\source\repos\mfc_final\debug\mfc_final.tlog\link.read.1.tlog
c:\users\dbxor\source\repos\mfc_final\debug\mfc_final.tlog\link.write.1.tlog
c:\users\dbxor\source\repos\mfc_final\debug\mfc_final.tlog\rc.command.1.tlog
c:\users\dbxor\source\repos\mfc_final\debug\mfc_final.tlog\rc.read.1.tlog
c:\users\dbxor\source\repos\mfc_final\debug\mfc_final.tlog\rc.write.1.tlog
